Mar 04 09:36 : update: added /American Idiot.mp3
Mar 04 09:36 : update: added /Boulevard Of Broken Dreams.mp3
Mar 04 09:36 : update: added /Holiday.mp3
Mar 04 09:36 : update: added /In The End.mp3
Mar 04 09:36 : avahi: Service 'Music Player' successfully established.
Mar 04 09:37 : client: [0] opened from [::1]:53814
Mar 04 09:37 : alsa_mixer: Failed to read mixer for 'whatever name you want': no such mixer control: PCM
Mar 04 09:37 : output: Failed to open mixer for 'whatever name you want'
Mar 04 09:39 : client: [0] closed
Mar 04 09:39 : client: [1] opened from [::1]:53985
Mar 04 09:40 : player: played "American Idiot.mp3"
Mar 04 09:40 : output: Failed to open mixer for 'whatever name you want'
Mar 04 09:42 : client: [1] closed
Mar 04 09:43 : client: [2] opened from [::1]:54264
Mar 04 09:43 : player: played "Boulevard Of Broken Dreams.mp3"
Mar 04 09:43 : output: Failed to open mixer for 'whatever name you want'
Mar 04 09:43 : output: Failed to open mixer for 'whatever name you want'
Mar 04 09:43 : output: Failed to open mixer for 'whatever name you want'
Mar 04 09:43 : output: Failed to open mixer for 'whatever name you want'
Mar 04 09:44 : client: [2] closed
Mar 04 09:46 : client: [3] opened from [::1]:54479
Mar 04 09:48 : player: played "Boulevard Of Broken Dreams.mp3"
Mar 04 09:48 : output: Failed to open mixer for 'whatever name you want'
Mar 04 09:49 : client: [3] closed
Mar 04 09:49 : player: played "American Idiot.mp3"
Mar 04 09:49 : output: Failed to open mixer for 'whatever name you want'
Mar 04 09:49 : avahi: Service 'Music Player' successfully established.
Mar 04 09:49 : client: [0] opened from [::1]:54642
Mar 04 09:50 : client: [0] closed
Mar 04 09:50 : client: [1] opened from [::1]:54722
Mar 04 09:51 : player: played "American Idiot.mp3"
Mar 04 09:51 : output: Failed to open mixer for 'whatever name you want'
Mar 04 09:51 : client: [1] closed
Mar 04 09:52 : client: [2] opened from [::1]:54805
Mar 04 09:52 : client: [2] closed
Mar 04 09:52 : client: [3] opened from [::1]:54835
Mar 04 09:54 : update: updating /American Idiot.mp3
Mar 04 09:54 : update: updating /Boulevard Of Broken Dreams.mp3
Mar 04 09:54 : update: updating /Holiday.mp3
Mar 04 09:54 : update: updating /In The End.mp3
Mar 04 09:54 : client: [3] closed
Mar 04 09:55 : client: [4] opened from [::1]:54971
Mar 04 09:55 : client: [5] opened from [::1]:54987
Mar 04 09:55 : player: played "Boulevard Of Broken Dreams.mp3"
Mar 04 09:55 : output: Failed to open mixer for 'whatever name you want'
Mar 04 09:55 : client: [4] closed
Mar 04 09:56 : client: [5] closed
Mar 04 09:56 : client: [6] opened from [::1]:55058
Mar 04 09:56 : client: [6] closed
Mar 04 09:56 : client: [7] opened from [::1]:55077
Mar 04 09:58 : player: played "American Idiot.mp3"
Mar 04 09:58 : client: [7] closed
Mar 04 09:58 : client: [8] opened from [::1]:55199
Mar 04 09:59 : output: Failed to open mixer for 'whatever name you want'
Mar 04 10:03 : player: played "Holiday.mp3"
Mar 04 10:03 : client: [8] closed
Mar 04 10:03 : client: [9] opened from [::1]:55463
Mar 04 10:03 : output: Failed to open mixer for 'whatever name you want'
Mar 04 10:04 : client: [9] closed
Mar 04 10:07 : player: played "In The End.mp3"
Mar 04 10:19 : client: [10] opened from [::1]:56759
Mar 04 10:19 : client: [11] opened from 127.0.0.1:53118
Mar 04 10:19 : client: [10] closed
Mar 04 10:19 : client: [12] opened from [::1]:56768
Mar 04 10:19 : output: Failed to open mixer for 'whatever name you want'
Mar 04 10:24 : client: [12] closed
Mar 04 12:27 : client: [0] opened from [::1]:34974
Mar 04 12:27 : client: [1] opened from 127.0.0.1:44359
Mar 04 12:27 : client: [0] closed
Mar 04 12:27 : avahi: Service 'Music Player' successfully established.
Mar 04 12:27 : client: [2] opened from [::1]:34978
Mar 04 12:27 : player: played "American Idiot.mp3"
Mar 04 12:27 : player: played "American Idiot.mp3"
Mar 04 12:27 : player: played "American Idiot.mp3"
Mar 04 12:28 : player: played "American Idiot.mp3"
Mar 04 12:28 : output: Failed to open mixer for 'whatever name you want'
Mar 04 12:28 : client: [0] opened from [::1]:35050
Mar 04 12:28 : avahi: Service 'Music Player' successfully established.
Mar 04 12:28 : client: [1] opened from [::1]:35052
Mar 04 12:28 : client: [2] opened from 127.0.0.1:44437
Mar 04 12:28 : client: [1] closed
Mar 04 12:28 : player: played "American Idiot.mp3"
Mar 04 12:28 : output: Failed to open mixer for 'whatever name you want'
Mar 04 12:45 : output: Failed to open mixer for 'whatever name you want'
Mar 04 12:46 : player: played "American Idiot.mp3"
Mar 04 12:48 : player: played "American Idiot.mp3"
Mar 04 12:48 : output: Failed to open mixer for 'whatever name you want'
Mar 04 12:53 : player: played "Boulevard Of Broken Dreams.mp3"
Mar 04 12:53 : output: Failed to open mixer for 'whatever name you want'
Mar 04 12:53 : output: Failed to open mixer for 'whatever name you want'
Mar 04 12:53 : output: Failed to open mixer for 'whatever name you want'
Mar 04 12:53 : output: Failed to open mixer for 'whatever name you want'
Mar 04 12:53 : output: Failed to open mixer for 'whatever name you want'
Mar 04 12:53 : output: Failed to open mixer for 'whatever name you want'
Mar 04 12:53 : output: Failed to open mixer for 'whatever name you want'
Mar 04 12:53 : output: Failed to open mixer for 'whatever name you want'
Mar 04 12:53 : output: Failed to open mixer for 'whatever name you want'
Mar 04 12:53 : output: Failed to open mixer for 'whatever name you want'
Mar 04 12:53 : output: Failed to open mixer for 'whatever name you want'
Mar 04 12:53 : output: Failed to open mixer for 'whatever name you want'
Mar 04 12:53 : output: Failed to open mixer for 'whatever name you want'
Mar 04 12:53 : output: Failed to open mixer for 'whatever name you want'
Mar 04 12:53 : output: Failed to open mixer for 'whatever name you want'
Mar 04 12:53 : output: Failed to open mixer for 'whatever name you want'
Mar 04 12:53 : output: Failed to open mixer for 'whatever name you want'
Mar 04 12:53 : output: Failed to open mixer for 'whatever name you want'
Mar 04 12:53 : output: Failed to open mixer for 'whatever name you want'
Mar 04 12:53 : output: Failed to open mixer for 'whatever name you want'
Mar 04 12:53 : output: Failed to open mixer for 'whatever name you want'
Mar 04 12:53 : output: Failed to open mixer for 'whatever name you want'
Mar 04 12:53 : output: Failed to open mixer for 'whatever name you want'
Mar 04 12:53 : output: Failed to open mixer for 'whatever name you want'
Mar 04 12:53 : output: Failed to open mixer for 'whatever name you want'
Mar 04 12:53 : output: Failed to open mixer for 'whatever name you want'
Mar 04 12:53 : output: Failed to open mixer for 'whatever name you want'
Mar 04 12:53 : output: Failed to open mixer for 'whatever name you want'
Mar 04 12:53 : output: Failed to open mixer for 'whatever name you want'
Mar 04 12:53 : output: Failed to open mixer for 'whatever name you want'
Mar 04 12:53 : output: Failed to open mixer for 'whatever name you want'
Mar 04 12:53 : output: Failed to open mixer for 'whatever name you want'
Mar 04 12:53 : output: Failed to open mixer for 'whatever name you want'
Mar 04 12:53 : output: Failed to open mixer for 'whatever name you want'
Mar 04 12:53 : output: Failed to open mixer for 'whatever name you want'
Mar 04 12:53 : output: Failed to open mixer for 'whatever name you want'
Mar 04 12:53 : output: Failed to open mixer for 'whatever name you want'
Mar 04 12:53 : output: Failed to open mixer for 'whatever name you want'
Mar 04 12:53 : output: Failed to open mixer for 'whatever name you want'
Mar 04 12:53 : output: Failed to open mixer for 'whatever name you want'
Mar 04 12:53 : output: Failed to open mixer for 'whatever name you want'
Mar 04 12:53 : output: Failed to open mixer for 'whatever name you want'
Mar 04 12:53 : output: Failed to open mixer for 'whatever name you want'
Mar 04 12:53 : output: Failed to open mixer for 'whatever name you want'
Mar 04 12:53 : output: Failed to open mixer for 'whatever name you want'
Mar 04 12:53 : output: Failed to open mixer for 'whatever name you want'
Mar 04 12:53 : output: Failed to open mixer for 'whatever name you want'
Mar 04 12:53 : output: Failed to open mixer for 'whatever name you want'
Mar 04 12:53 : output: Failed to open mixer for 'whatever name you want'
Mar 04 12:53 : output: Failed to open mixer for 'whatever name you want'
Mar 04 12:53 : output: Failed to open mixer for 'whatever name you want'
Mar 04 12:53 : output: Failed to open mixer for 'whatever name you want'
Mar 04 12:53 : output: Failed to open mixer for 'whatever name you want'
Mar 04 12:53 : output: Failed to open mixer for 'whatever name you want'
Mar 04 12:53 : output: Failed to open mixer for 'whatever name you want'
Mar 04 12:53 : output: Failed to open mixer for 'whatever name you want'
Mar 04 12:53 : output: Failed to open mixer for 'whatever name you want'
Mar 04 12:53 : output: Failed to open mixer for 'whatever name you want'
Mar 04 12:53 : output: Failed to open mixer for 'whatever name you want'
Mar 04 12:53 : output: Failed to open mixer for 'whatever name you want'
Mar 04 12:53 : output: Failed to open mixer for 'whatever name you want'
Mar 04 12:53 : output: Failed to open mixer for 'whatever name you want'
Mar 04 12:53 : output: Failed to open mixer for 'whatever name you want'
Mar 04 12:53 : output: Failed to open mixer for 'whatever name you want'
Mar 04 12:53 : output: Failed to open mixer for 'whatever name you want'
Mar 04 12:53 : output: Failed to open mixer for 'whatever name you want'
Mar 04 12:53 : output: Failed to open mixer for 'whatever name you want'
Mar 04 12:53 : output: Failed to open mixer for 'whatever name you want'
Mar 04 12:53 : output: Failed to open mixer for 'whatever name you want'
Mar 04 12:53 : output: Failed to open mixer for 'whatever name you want'
Mar 04 12:53 : output: Failed to open mixer for 'whatever name you want'
Mar 04 12:53 : output: Failed to open mixer for 'whatever name you want'
Mar 04 12:53 : output: Failed to open mixer for 'whatever name you want'
Mar 04 12:53 : output: Failed to open mixer for 'whatever name you want'
Mar 04 12:53 : output: Failed to open mixer for 'whatever name you want'
Mar 04 12:53 : output: Failed to open mixer for 'whatever name you want'
Mar 04 12:53 : output: Failed to open mixer for 'whatever name you want'
Mar 04 12:53 : output: Failed to open mixer for 'whatever name you want'
Mar 04 12:53 : output: Failed to open mixer for 'whatever name you want'
Mar 04 12:53 : output: Failed to open mixer for 'whatever name you want'
Mar 04 12:53 : output: Failed to open mixer for 'whatever name you want'
Mar 04 12:53 : output: Failed to open mixer for 'whatever name you want'
Mar 04 12:53 : output: Failed to open mixer for 'whatever name you want'
Mar 04 12:53 : output: Failed to open mixer for 'whatever name you want'
Mar 04 12:53 : output: Failed to open mixer for 'whatever name you want'
Mar 04 12:53 : output: Failed to open mixer for 'whatever name you want'
Mar 04 12:53 : output: Failed to open mixer for 'whatever name you want'
Mar 04 12:53 : output: Failed to open mixer for 'whatever name you want'
Mar 04 12:53 : output: Failed to open mixer for 'whatever name you want'
Mar 04 12:53 : output: Failed to open mixer for 'whatever name you want'
Mar 04 12:53 : output: Failed to open mixer for 'whatever name you want'
Mar 04 12:53 : output: Failed to open mixer for 'whatever name you want'
Mar 04 12:53 : output: Failed to open mixer for 'whatever name you want'
Mar 04 12:53 : output: Failed to open mixer for 'whatever name you want'
Mar 04 12:53 : output: Failed to open mixer for 'whatever name you want'
Mar 04 12:53 : output: Failed to open mixer for 'whatever name you want'
Mar 04 12:53 : output: Failed to open mixer for 'whatever name you want'
Mar 04 12:53 : output: Failed to open mixer for 'whatever name you want'
Mar 04 12:53 : output: Failed to open mixer for 'whatever name you want'
Mar 04 12:53 : output: Failed to open mixer for 'whatever name you want'
Mar 04 12:53 : output: Failed to open mixer for 'whatever name you want'
Mar 04 12:53 : output: Failed to open mixer for 'whatever name you want'
Mar 04 12:53 : output: Failed to open mixer for 'whatever name you want'
Mar 04 12:53 : output: Failed to open mixer for 'whatever name you want'
Mar 04 12:53 : output: Failed to open mixer for 'whatever name you want'
Mar 04 12:53 : output: Failed to open mixer for 'whatever name you want'
Mar 04 12:53 : output: Failed to open mixer for 'whatever name you want'
Mar 04 12:53 : output: Failed to open mixer for 'whatever name you want'
Mar 04 12:53 : output: Failed to open mixer for 'whatever name you want'
Mar 04 12:53 : output: Failed to open mixer for 'whatever name you want'
Mar 04 12:53 : output: Failed to open mixer for 'whatever name you want'
Mar 04 12:53 : output: Failed to open mixer for 'whatever name you want'
Mar 04 12:53 : output: Failed to open mixer for 'whatever name you want'
Mar 04 12:53 : output: Failed to open mixer for 'whatever name you want'
Mar 04 12:53 : output: Failed to open mixer for 'whatever name you want'
Mar 04 12:53 : output: Failed to open mixer for 'whatever name you want'
Mar 04 12:53 : output: Failed to open mixer for 'whatever name you want'
Mar 04 12:53 : output: Failed to open mixer for 'whatever name you want'
Mar 04 12:53 : output: Failed to open mixer for 'whatever name you want'
Mar 04 12:53 : output: Failed to open mixer for 'whatever name you want'
Mar 04 12:53 : output: Failed to open mixer for 'whatever name you want'
Mar 04 12:53 : output: Failed to open mixer for 'whatever name you want'
Mar 04 12:53 : output: Failed to open mixer for 'whatever name you want'
Mar 04 12:53 : output: Failed to open mixer for 'whatever name you want'
Mar 04 12:53 : output: Failed to open mixer for 'whatever name you want'
Mar 04 12:53 : output: Failed to open mixer for 'whatever name you want'
Mar 04 12:53 : output: Failed to open mixer for 'whatever name you want'
Mar 04 12:53 : output: Failed to open mixer for 'whatever name you want'
Mar 04 12:53 : output: Failed to open mixer for 'whatever name you want'
Mar 04 12:53 : output: Failed to open mixer for 'whatever name you want'
Mar 04 12:53 : output: Failed to open mixer for 'whatever name you want'
Mar 04 12:53 : output: Failed to open mixer for 'whatever name you want'
Mar 04 12:53 : output: Failed to open mixer for 'whatever name you want'
Mar 04 12:53 : output: Failed to open mixer for 'whatever name you want'
Mar 04 12:53 : output: Failed to open mixer for 'whatever name you want'
Mar 04 12:53 : output: Failed to open mixer for 'whatever name you want'
Mar 04 12:53 : output: Failed to open mixer for 'whatever name you want'
Mar 04 12:53 : output: Failed to open mixer for 'whatever name you want'
Mar 04 12:53 : output: Failed to open mixer for 'whatever name you want'
Mar 04 12:53 : output: Failed to open mixer for 'whatever name you want'
Mar 04 12:53 : output: Failed to open mixer for 'whatever name you want'
Mar 04 12:53 : output: Failed to open mixer for 'whatever name you want'
Mar 04 12:53 : output: Failed to open mixer for 'whatever name you want'
Mar 04 12:53 : output: Failed to open mixer for 'whatever name you want'
Mar 04 12:53 : output: Failed to open mixer for 'whatever name you want'
Mar 04 12:53 : output: Failed to open mixer for 'whatever name you want'
Mar 04 12:53 : output: Failed to open mixer for 'whatever name you want'
Mar 04 12:53 : output: Failed to open mixer for 'whatever name you want'
Mar 04 12:53 : output: Failed to open mixer for 'whatever name you want'
Mar 04 12:53 : output: Failed to open mixer for 'whatever name you want'
Mar 04 12:53 : output: Failed to open mixer for 'whatever name you want'
Mar 04 12:53 : output: Failed to open mixer for 'whatever name you want'
Mar 04 12:53 : output: Failed to open mixer for 'whatever name you want'
Mar 04 12:53 : output: Failed to open mixer for 'whatever name you want'
Mar 04 12:53 : output: Failed to open mixer for 'whatever name you want'
Mar 04 12:53 : output: Failed to open mixer for 'whatever name you want'
Mar 04 12:53 : output: Failed to open mixer for 'whatever name you want'
Mar 04 12:53 : output: Failed to open mixer for 'whatever name you want'
Mar 04 12:53 : output: Failed to open mixer for 'whatever name you want'
Mar 04 12:53 : output: Failed to open mixer for 'whatever name you want'
Mar 04 12:53 : output: Failed to open mixer for 'whatever name you want'
Mar 04 12:53 : output: Failed to open mixer for 'whatever name you want'
Mar 04 12:53 : output: Failed to open mixer for 'whatever name you want'
Mar 04 12:53 : output: Failed to open mixer for 'whatever name you want'
Mar 04 12:53 : output: Failed to open mixer for 'whatever name you want'
Mar 04 12:53 : output: Failed to open mixer for 'whatever name you want'
Mar 04 12:53 : output: Failed to open mixer for 'whatever name you want'
Mar 04 12:53 : output: Failed to open mixer for 'whatever name you want'
Mar 04 12:53 : output: Failed to open mixer for 'whatever name you want'
Mar 04 12:53 : output: Failed to open mixer for 'whatever name you want'
Mar 04 12:53 : output: Failed to open mixer for 'whatever name you want'
Mar 04 12:53 : output: Failed to open mixer for 'whatever name you want'
Mar 04 12:53 : output: Failed to open mixer for 'whatever name you want'
Mar 04 13:05 : client: [0] closed
Mar 04 13:05 : avahi: Client Disconnected, will reconnect shortly
Mar 04 13:35 : client: [0] opened from [::1]:36734
Mar 04 13:35 : client: [1] opened from 127.0.0.1:57854
Mar 04 13:35 : client: [0] closed
Mar 04 13:35 : alsa_mixer: Failed to read mixer for 'whatever name you want': no such mixer control: PCM
Mar 04 13:35 : avahi: Service 'Music Player' successfully established.
Mar 04 13:35 : client: [2] opened from [::1]:36742
Mar 04 13:35 : player: played "Holiday.mp3"
ALSA lib pcm_dmix.c:1022:(snd_pcm_dmix_open) unable to open slave
Mar 04 13:35 : alsa_output: Failed to open "whatever name you want" [alsa]: Failed to open ALSA device "default": No such file or directory
Mar 04 13:35 : output: Failed to open audio output
ALSA lib pcm_dmix.c:1022:(snd_pcm_dmix_open) unable to open slave
Mar 04 13:35 : alsa_output: Failed to open "whatever name you want" [alsa]: Failed to open ALSA device "default": No such file or directory
Mar 04 13:35 : player: played "American Idiot.mp3"
ALSA lib pcm_dmix.c:1022:(snd_pcm_dmix_open) unable to open slave
Mar 04 13:35 : alsa_output: Failed to open "whatever name you want" [alsa]: Failed to open ALSA device "default": No such file or directory
Mar 04 13:35 : player: played "Boulevard Of Broken Dreams.mp3"
ALSA lib pcm_dmix.c:1022:(snd_pcm_dmix_open) unable to open slave
Mar 04 13:35 : alsa_output: Failed to open "whatever name you want" [alsa]: Failed to open ALSA device "default": No such file or directory
Mar 04 13:35 : player: played "American Idiot.mp3"
ALSA lib pcm_dmix.c:1022:(snd_pcm_dmix_open) unable to open slave
Mar 04 13:35 : alsa_output: Failed to open "whatever name you want" [alsa]: Failed to open ALSA device "default": No such file or directory
Mar 04 13:35 : player: played "Boulevard Of Broken Dreams.mp3"
ALSA lib pcm_dmix.c:1022:(snd_pcm_dmix_open) unable to open slave
Mar 04 13:35 : alsa_output: Failed to open "whatever name you want" [alsa]: Failed to open ALSA device "default": No such file or directory
ALSA lib pcm_dmix.c:1022:(snd_pcm_dmix_open) unable to open slave
Mar 04 13:35 : alsa_output: Failed to open "whatever name you want" [alsa]: Failed to open ALSA device "default": No such file or directory
ALSA lib pcm_dmix.c:1022:(snd_pcm_dmix_open) unable to open slave
Mar 04 13:36 : alsa_output: Failed to open "whatever name you want" [alsa]: Failed to open ALSA device "default": No such file or directory
Mar 04 13:36 : player: played "American Idiot.mp3"
Mar 04 13:36 : output: Failed to open mixer for 'whatever name you want'
Mar 04 13:36 : client: [0] opened from [::1]:36809
Mar 04 13:36 : client: [1] opened from [::1]:36811
Mar 04 13:36 : client: [2] opened from 127.0.0.1:57931
Mar 04 13:36 : client: [1] closed
Mar 04 13:36 : avahi: Service 'Music Player' successfully established.
Mar 04 13:38 : player: played "American Idiot.mp3"
Mar 04 13:38 : output: Failed to open mixer for 'whatever name you want'
Mar 04 13:43 : player: played "Boulevard Of Broken Dreams.mp3"
Mar 04 13:43 : output: Failed to open mixer for 'whatever name you want'
Mar 04 13:47 : player: played "Holiday.mp3"
Mar 04 13:49 : output: Failed to open mixer for 'whatever name you want'
Mar 04 13:51 : player: played "In The End.mp3"
Mar 04 13:51 : output: Failed to open mixer for 'whatever name you want'
Mar 04 13:59 : client: [2] closed
Mar 04 13:59 : client: [3] opened from [::1]:38285
Mar 04 13:59 : client: [4] opened from 127.0.0.1:59405
Mar 04 13:59 : client: [3] closed
Mar 04 13:59 : client: [0] closed
Mar 04 14:00 : client: [5] opened from [::1]:38328
Mar 04 14:00 : client: [6] opened from 127.0.0.1:59448
Mar 04 14:00 : client: [5] closed
Mar 04 14:00 : client: [4] closed
Mar 04 14:00 : client: [6] closed
Mar 04 14:00 : client: [7] opened from [::1]:38340
Mar 04 14:00 : client: [8] opened from 127.0.0.1:59460
Mar 04 14:00 : client: [7] closed
Mar 04 14:06 : client: [9] opened from [::1]:38727
Mar 04 14:06 : client: [10] opened from 127.0.0.1:59847
Mar 04 14:06 : client: [9] closed
Mar 04 14:06 : client: [8] closed
Mar 04 14:11 : client: [11] opened from [::1]:39068
Mar 04 14:11 : player: played "American Idiot.mp3"
Mar 04 14:11 : output: Failed to open mixer for 'whatever name you want'
Mar 04 14:44 : output: Failed to open mixer for 'whatever name you want'
Mar 04 14:53 : client: [11] closed
Mar 04 14:53 : client: [12] opened from [::1]:41786
Mar 04 14:53 : output: Failed to open mixer for 'whatever name you want'
Mar 04 14:54 : player: played "American Idiot.mp3"
Mar 04 14:54 : output: Failed to open mixer for 'whatever name you want'
Mar 04 14:57 : output: Failed to open mixer for 'whatever name you want'
Mar 04 15:22 : output: Failed to open mixer for 'whatever name you want'
Mar 04 15:23 : output: Failed to open mixer for 'whatever name you want'
Mar 04 15:24 : client: [12] closed
Mar 04 15:24 : client: [13] opened from [::1]:43641
Mar 04 15:24 : player: played "Boulevard Of Broken Dreams.mp3"
Mar 04 15:24 : output: Failed to open mixer for 'whatever name you want'
Mar 04 15:24 : player: played "Boulevard Of Broken Dreams.mp3"
Mar 04 15:24 : output: Failed to open mixer for 'whatever name you want'
Mar 04 15:27 : player: played "American Idiot.mp3"
Mar 04 15:27 : output: Failed to open mixer for 'whatever name you want'
Mar 04 15:32 : player: played "Boulevard Of Broken Dreams.mp3"
Mar 04 15:32 : output: Failed to open mixer for 'whatever name you want'
Mar 04 15:50 : output: Failed to open mixer for 'whatever name you want'
Mar 04 15:50 : player: played "Holiday.mp3"
Mar 04 15:53 : player: played "American Idiot.mp3"
Mar 04 15:53 : output: Failed to open mixer for 'whatever name you want'
Mar 04 15:58 : player: played "Boulevard Of Broken Dreams.mp3"
Mar 04 15:58 : output: Failed to open mixer for 'whatever name you want'
Mar 04 16:01 : player: played "Holiday.mp3"
Mar 04 16:05 : player: played "In The End.mp3"
Mar 04 16:07 : output: Failed to open mixer for 'whatever name you want'
Mar 04 16:10 : player: played "American Idiot.mp3"
Mar 04 16:10 : output: Failed to open mixer for 'whatever name you want'
Mar 04 16:11 : output: Failed to open mixer for 'whatever name you want'
Mar 04 16:14 : client: [13] closed
Mar 06 16:54 : client: [0] opened from [::1]:51343
Mar 06 16:54 : client: [1] opened from 127.0.0.1:54198
Mar 06 16:54 : client: [0] closed
Mar 06 16:54 : avahi: Service 'Music Player' successfully established.
Mar 06 16:54 : client: [2] opened from [::1]:51348
Mar 06 16:54 : player: played "American Idiot.mp3"
Mar 06 16:54 : client: [2] closed
Mar 06 16:54 : player: played "American Idiot.mp3"
Mar 06 16:55 : client: [0] opened from [::1]:51430
Mar 06 16:55 : client: [1] opened from 127.0.0.1:54285
Mar 06 16:55 : client: [0] closed
Mar 06 16:55 : alsa_mixer: Failed to read mixer for 'whatever name you want': no such mixer control: PCM
Mar 06 16:55 : avahi: Service 'Music Player' successfully established.
Mar 06 16:55 : client: [2] opened from [::1]:51433
Mar 06 16:55 : player: played "American Idiot.mp3"
Mar 06 16:55 : output: Failed to open mixer for 'whatever name you want'
Mar 06 16:55 : client: [2] closed
Mar 06 16:56 : client: [3] opened from [::1]:51486
Mar 06 16:56 : client: [3] closed
Mar 06 16:56 : client: [4] opened from [::1]:51509
Mar 06 17:00 : output: Failed to open mixer for 'whatever name you want'
Mar 06 17:01 : player: played "American Idiot.mp3"
Mar 06 17:02 : client: [4] closed
Mar 06 17:02 : client: [5] opened from [::1]:52002
Mar 06 17:03 : player: played "Boulevard Of Broken Dreams.mp3"
Mar 06 17:03 : output: Failed to open mixer for 'whatever name you want'
Mar 06 17:03 : client: [5] closed
Mar 06 17:03 : client: [1] closed
Mar 06 17:04 : client: [6] opened from [::1]:52052
Mar 06 17:06 : client: [6] closed
Mar 06 17:07 : client: [7] opened from [::1]:52056
Mar 06 17:07 : client: [7] closed
Mar 06 17:07 : client: [8] opened from 127.0.0.1:54911
Mar 06 17:07 : client: [9] opened from [::1]:52063
Mar 06 17:07 : player: played "Boulevard Of Broken Dreams.mp3"
Mar 06 17:07 : output: Failed to open mixer for 'whatever name you want'
Mar 06 17:11 : player: played "Holiday.mp3"
Mar 06 17:12 : client: [9] closed
Mar 06 17:12 : client: [10] opened from [::1]:52520
Mar 06 17:13 : client: [8] closed
Mar 06 17:13 : client: [11] opened from [::1]:52538
Mar 06 17:13 : client: [12] opened from 127.0.0.1:55393
Mar 06 17:13 : client: [11] closed
Mar 06 17:14 : player: played "In The End.mp3"
Mar 06 17:16 : player: played "American Idiot.mp3"
Mar 06 17:16 : output: Failed to open mixer for 'whatever name you want'
Mar 06 17:21 : player: played "Boulevard Of Broken Dreams.mp3"
Mar 06 17:21 : output: Failed to open mixer for 'whatever name you want'
Mar 06 17:25 : player: played "Holiday.mp3"
Mar 06 17:28 : player: played "In The End.mp3"
Mar 06 17:31 : player: played "American Idiot.mp3"
Mar 06 17:31 : output: Failed to open mixer for 'whatever name you want'
Mar 06 17:36 : player: played "Boulevard Of Broken Dreams.mp3"
Mar 06 17:36 : output: Failed to open mixer for 'whatever name you want'
Mar 06 17:40 : player: played "Holiday.mp3"
Mar 06 17:43 : player: played "In The End.mp3"
Mar 06 17:46 : player: played "American Idiot.mp3"
Mar 06 17:46 : output: Failed to open mixer for 'whatever name you want'
Mar 06 17:51 : player: played "Boulevard Of Broken Dreams.mp3"
Mar 06 17:51 : output: Failed to open mixer for 'whatever name you want'
Mar 06 17:54 : player: played "Holiday.mp3"
Mar 06 17:58 : player: played "In The End.mp3"
Mar 06 18:01 : player: played "American Idiot.mp3"
Mar 06 18:01 : output: Failed to open mixer for 'whatever name you want'
Mar 06 18:05 : player: played "Boulevard Of Broken Dreams.mp3"
Mar 06 18:05 : output: Failed to open mixer for 'whatever name you want'
Mar 06 18:09 : player: played "Holiday.mp3"
Mar 06 18:13 : player: played "In The End.mp3"
Mar 06 18:16 : player: played "American Idiot.mp3"
Mar 06 18:16 : output: Failed to open mixer for 'whatever name you want'
Mar 06 18:20 : player: played "Boulevard Of Broken Dreams.mp3"
Mar 06 18:20 : output: Failed to open mixer for 'whatever name you want'
Mar 06 18:24 : player: played "Holiday.mp3"
Mar 06 18:28 : player: played "In The End.mp3"
Mar 06 18:31 : player: played "American Idiot.mp3"
Mar 06 18:31 : output: Failed to open mixer for 'whatever name you want'
Mar 06 18:35 : player: played "Boulevard Of Broken Dreams.mp3"
Mar 06 18:35 : output: Failed to open mixer for 'whatever name you want'
Mar 06 18:39 : player: played "Holiday.mp3"
Mar 06 18:43 : player: played "In The End.mp3"
Mar 06 18:46 : player: played "American Idiot.mp3"
Mar 06 18:46 : output: Failed to open mixer for 'whatever name you want'
Mar 06 18:50 : player: played "Boulevard Of Broken Dreams.mp3"
Mar 06 18:50 : output: Failed to open mixer for 'whatever name you want'
Mar 06 18:54 : player: played "Holiday.mp3"
Mar 06 18:57 : player: played "In The End.mp3"
Mar 06 19:00 : player: played "American Idiot.mp3"
Mar 06 19:00 : output: Failed to open mixer for 'whatever name you want'
Mar 06 19:10 : output: Failed to open mixer for 'whatever name you want'
Mar 06 19:10 : player: played "Boulevard Of Broken Dreams.mp3"
Mar 06 19:10 : output: Failed to open mixer for 'whatever name you want'
Mar 06 19:13 : player: played "American Idiot.mp3"
Mar 06 19:13 : output: Failed to open mixer for 'whatever name you want'
Mar 06 20:00 : player: played "Boulevard Of Broken Dreams.mp3"
Mar 06 20:00 : output: Failed to open mixer for 'whatever name you want'
Mar 06 20:04 : player: played "Holiday.mp3"
Mar 06 20:08 : player: played "In The End.mp3"
Mar 06 20:23 : client: [10] closed
Mar 06 20:25 : client: [13] opened from [::1]:35541
Mar 06 20:25 : client: [14] opened from 127.0.0.1:38396
Mar 06 20:25 : client: [12] closed
Mar 06 20:25 : client: [13] closed
Mar 06 20:25 : client: [15] opened from [::1]:35552
Mar 06 20:25 : client: [16] opened from 127.0.0.1:38407
Mar 06 20:25 : client: [15] closed
Mar 06 20:25 : client: [14] closed
Mar 06 20:26 : client: [17] opened from [::1]:35585
Mar 06 20:26 : client: [18] opened from 127.0.0.1:38440
Mar 06 20:26 : client: [17] closed
Mar 06 20:26 : client: [16] closed
Mar 06 20:26 : client: [18] closed
Mar 06 20:26 : client: [19] opened from [::1]:35602
Mar 06 20:26 : client: [20] opened from 127.0.0.1:38457
Mar 06 20:26 : client: [19] closed
Mar 06 20:26 : client: [21] opened from [::1]:35616
Mar 06 20:26 : client: [22] opened from 127.0.0.1:38471
Mar 06 20:26 : client: [21] closed
Mar 06 20:26 : client: [20] closed
Mar 06 20:26 : client: [23] opened from [::1]:35628
Mar 06 20:26 : client: [24] opened from 127.0.0.1:38483
Mar 06 20:26 : client: [23] closed
Mar 06 20:26 : client: [22] closed
Mar 06 20:28 : client: [25] opened from [::1]:35687
Mar 06 20:28 : client: [26] opened from 127.0.0.1:38542
Mar 06 20:28 : client: [25] closed
Mar 06 20:28 : client: [24] closed
Mar 06 20:36 : client: [27] opened from [::1]:36124
Mar 06 20:36 : client: [27] closed
Mar 06 20:36 : client: [28] opened from 127.0.0.1:38979
Mar 06 20:36 : client: [26] closed
Mar 06 20:54 : client: [29] opened from [::1]:37150
Mar 06 20:54 : player: played "American Idiot.mp3"
Mar 06 20:54 : output: Failed to open mixer for 'whatever name you want'
Mar 06 20:57 : player: played "American Idiot.mp3"
Mar 06 20:57 : output: Failed to open mixer for 'whatever name you want'
Mar 06 21:01 : player: played "Boulevard Of Broken Dreams.mp3"
Mar 06 21:01 : output: Failed to open mixer for 'whatever name you want'
Mar 06 21:05 : player: played "Holiday.mp3"
Mar 06 21:12 : output: Failed to open mixer for 'whatever name you want'
Mar 06 21:15 : player: played "In The End.mp3"
Mar 06 21:15 : output: Failed to open mixer for 'whatever name you want'
Mar 06 21:26 : output: Failed to open mixer for 'whatever name you want'
Mar 06 22:07 : output: Failed to open mixer for 'whatever name you want'
Mar 06 22:07 : output: Failed to open mixer for 'whatever name you want'
Mar 06 22:09 : player: played "American Idiot.mp3"
Mar 06 22:09 : output: Failed to open mixer for 'whatever name you want'
Mar 06 22:13 : player: played "Boulevard Of Broken Dreams.mp3"
Mar 06 22:13 : output: Failed to open mixer for 'whatever name you want'
Mar 06 22:17 : player: played "Holiday.mp3"
Mar 06 22:17 : client: [28] closed
Mar 06 22:17 : client: [30] opened from [::1]:42203
Mar 06 22:17 : client: [31] opened from 127.0.0.1:45058
Mar 06 22:17 : client: [30] closed
Mar 06 22:17 : client: [31] closed
Mar 06 22:17 : client: [32] opened from [::1]:42206
Mar 06 22:17 : client: [33] opened from 127.0.0.1:45061
Mar 06 22:17 : client: [32] closed
Mar 06 22:17 : client: [33] closed
Mar 06 22:18 : client: [34] opened from [::1]:42209
Mar 06 22:18 : client: [35] opened from 127.0.0.1:45064
Mar 06 22:18 : client: [34] closed
Mar 06 22:21 : player: played "In The End.mp3"
Mar 06 22:21 : output: Failed to open mixer for 'whatever name you want'
Mar 06 22:21 : player: played "In The End.mp3"
Mar 06 22:24 : player: played "American Idiot.mp3"
Mar 06 22:24 : output: Failed to open mixer for 'whatever name you want'
Mar 06 22:29 : player: played "Boulevard Of Broken Dreams.mp3"
Mar 06 22:29 : output: Failed to open mixer for 'whatever name you want'
Mar 06 22:33 : output: Failed to open mixer for 'whatever name you want'
Mar 06 22:33 : player: played "Holiday.mp3"
Mar 06 22:36 : player: played "Holiday.mp3"
Mar 06 22:38 : client: [35] closed
Mar 06 22:38 : client: [36] opened from [::1]:43473
Mar 06 22:38 : client: [37] opened from 127.0.0.1:46328
Mar 06 22:38 : client: [36] closed
Mar 06 22:40 : player: played "In The End.mp3"
Mar 06 23:10 : output: Failed to open mixer for 'whatever name you want'
Mar 06 23:23 : client: [29] closed
Mar 06 23:29 : client: [38] opened from [::1]:46555
Mar 06 23:29 : client: [39] opened from 127.0.0.1:49410
Mar 06 23:29 : client: [38] closed
Mar 06 23:29 : client: [37] closed
Mar 06 23:29 : player: played "In The End.mp3"
Mar 06 23:43 : client: [0] opened from [::1]:49638
Mar 06 23:43 : client: [1] opened from 127.0.0.1:52493
Mar 06 23:43 : client: [0] closed
Mar 06 23:43 : alsa_mixer: Failed to read mixer for 'whatever name you want': no such mixer control: PCM
Mar 06 23:43 : avahi: Service 'Music Player' successfully established.
Mar 06 23:43 : client: [2] opened from [::1]:49651
Mar 06 23:43 : player: played "In The End.mp3"
Mar 06 23:43 : output: Failed to open mixer for 'whatever name you want'
Mar 06 23:46 : player: played "American Idiot.mp3"
Mar 06 23:46 : output: Failed to open mixer for 'whatever name you want'
Mar 06 23:48 : client: [2] closed
Mar 06 23:50 : player: played "Boulevard Of Broken Dreams.mp3"
Mar 06 23:50 : output: Failed to open mixer for 'whatever name you want'
Mar 06 23:51 : client: [3] opened from [::1]:51554
Mar 07 00:24 : client: [3] closed
Mar 07 00:25 : client: [4] opened from [::1]:59798
Mar 07 00:25 : player: played "Holiday.mp3"
Mar 07 00:25 : output: Failed to open mixer for 'whatever name you want'
Mar 07 00:25 : client: [4] closed
Mar 07 00:25 : client: [1] closed
Mar 07 10:34 : client: [0] opened from [::1]:33945
Mar 07 10:34 : client: [1] opened from 127.0.0.1:36421
Mar 07 10:34 : client: [0] closed
Mar 07 10:34 : alsa_mixer: Failed to read mixer for 'whatever name you want': no such mixer control: PCM
Mar 07 10:34 : avahi: Service 'Music Player' successfully established.
Mar 07 10:34 : client: [2] opened from [::1]:33948
Mar 07 10:34 : output: Failed to open mixer for 'whatever name you want'
Mar 07 10:36 : output: Failed to open mixer for 'whatever name you want'
Mar 07 10:36 : output: Failed to open mixer for 'whatever name you want'
Mar 07 10:36 : output: Failed to open mixer for 'whatever name you want'
Mar 07 10:41 : player: played "American Idiot.mp3"
Mar 07 10:41 : output: Failed to open mixer for 'whatever name you want'
Mar 07 10:44 : player: played "American Idiot.mp3"
Mar 07 10:44 : output: Failed to open mixer for 'whatever name you want'
Mar 07 10:48 : player: played "Holiday.mp3"
Mar 07 10:48 : output: Failed to open mixer for 'whatever name you want'
Mar 07 10:52 : player: played "Holiday.mp3"
Mar 07 10:58 : output: Failed to open mixer for 'whatever name you want'
